8=FIX4.4; 35=A; 34=1; 49=MTHREE; 56=MS; 52=2024-08-05-09:43:59; 108=30; 10=0015;
8=FIX4.4; 35=A; 34=1; 49=MS; 56=MTHREE; 52=2024-08-05-09:43:59; 108=30; 10=0016;
8=FIX4.4; 35=0; 34=2; 49=MTHREE; 56=MS; 52=2024-08-05-09:43:59; 108=30; 10=0015;
8=FIX4.4; 35=0; 34=2; 49=MS; 56=MTHREE; 52=2024-08-05-09:43:59; 108=30; 10=0015;
8=FIX4.4; 35=0; 34=3; 49=MTHREE; 56=MS; 52=2024-08-05-09:44:01; 108=30; 10=0015;
8=FIX4.4; 35=0; 34=3; 49=MS; 56=MTHREE; 52=2024-08-05-09:44:01; 108=30; 10=0015;
8=FIX4.4; 35=0; 34=4; 49=MTHREE; 56=MS; 52=2024-08-05-09:44:06; 108=30; 10=0015;
8=FIX4.4; 35=0; 34=4; 49=MS; 56=MTHREE; 52=2024-08-05-09:44:06; 108=30; 10=0015;
8=FIX4.4; 35=0; 34=5; 49=MTHREE; 56=MS; 52=2024-08-05-09:44:08; 108=30; 10=0015;
8=FIX4.4; 35=0; 34=5; 49=MS; 56=MTHREE; 52=2024-08-05-09:44:08; 108=30; 10=0015;
8=FIX4.4; 35=0; 34=6; 49=MTHREE; 56=MS; 52=2024-08-05-09:44:10; 108=30; 10=0015;
8=FIX4.4; 35=0; 34=6; 49=MS; 56=MTHREE; 52=2024-08-05-09:44:10; 108=30; 10=0015;
8=FIX4.4; 35=0; 34=7; 49=MTHREE; 56=MS; 52=2024-08-05-09:44:12; 108=30; 10=0015;
8=FIX4.4; 35=0; 34=7; 49=MS; 56=MTHREE; 52=2024-08-05-09:44:12; 108=30; 10=0015;
8=FIX4.4; 35=0; 34=8; 49=MTHREE; 56=MS; 52=2024-08-05-09:44:17; 108=30; 10=0015;
8=FIX4.4; 35=0; 34=8; 49=MS; 56=MTHREE; 52=2024-08-05-09:44:17; 108=30; 10=0015;
8=FIX4.4; 35=0; 34=9; 49=MTHREE; 56=MS; 52=2024-08-05-09:44:19; 108=30; 10=0015;
8=FIX4.4; 35=0; 34=9; 49=MS; 56=MTHREE; 52=2024-08-05-09:44:19; 108=30; 10=0015;
8=FIX4.4; 35=0; 34=10; 49=MTHREE; 56=MS; 52=2024-08-05-09:44:22; 108=30; 10=0015;
8=FIX4.4; 35=0; 34=10; 49=MS; 56=MTHREE; 52=2024-08-05-09:44:22; 108=30; 10=0015;
8=FIX4.4; 35=0; 34=11; 49=MTHREE; 56=MS; 52=2024-08-05-09:44:24; 108=30; 10=0015;
8=FIX4.4; 35=0; 34=11; 49=MS; 56=MTHREE; 52=2024-08-05-09:44:24; 108=30; 10=0015;
8=FIX4.4; 35=0; 34=12; 49=MTHREE; 56=MS; 52=2024-08-05-09:44:26; 108=30; 10=0015;
8=FIX4.4; 35=0; 34=12; 49=MS; 56=MTHREE; 52=2024-08-05-09:44:26; 108=30; 10=0015;
8=FIX4.4; 35=0; 34=13; 49=MTHREE; 56=MS; 52=2024-08-05-09:44:28; 108=30; 10=0015;
8=FIX4.4; 35=0; 34=13; 49=MS; 56=MTHREE; 52=2024-08-05-09:44:28; 108=30; 10=0015;
8=FIX4.4; 35=0; 34=14; 49=MTHREE; 56=MS; 52=2024-08-05-09:44:30; 108=30; 10=0015;
8=FIX4.4; 35=0; 34=14; 49=MS; 56=MTHREE; 52=2024-08-05-09:44:30; 108=30; 10=0015;
8=FIX4.4; 35=0; 34=15; 49=MTHREE; 56=MS; 52=2024-08-05-09:44:32; 108=30; 10=0015;
8=FIX4.4; 35=0; 34=15; 49=MS; 56=MTHREE; 52=2024-08-05-09:44:32; 108=30; 10=0015;
8=FIX4.4; 35=0; 34=16; 49=MTHREE; 56=MS; 52=2024-08-05-09:44:35; 108=30; 10=0015;
8=FIX4.4; 35=0; 34=16; 49=MS; 56=MTHREE; 52=2024-08-05-09:44:35; 108=30; 10=0015;
8=FIX4.4; 35=0; 34=17; 49=MTHREE; 56=MS; 52=2024-08-05-09:44:37; 108=30; 10=0015;
8=FIX4.4; 35=0; 34=17; 49=MS; 56=MTHREE; 52=2024-08-05-09:44:37; 108=30; 10=0015;
8=FIX4.4; 35=0; 34=18; 49=MTHREE; 56=MS; 52=2024-08-05-09:44:40; 108=30; 10=0015;
8=FIX4.4; 35=0; 34=18; 49=MS; 56=MTHREE; 52=2024-08-05-09:44:40; 108=30; 10=0015;
8=FIX4.4; 35=0; 34=19; 49=MTHREE; 56=MS; 52=2024-08-05-09:44:43; 108=30; 10=0015;
8=FIX4.4; 35=0; 34=19; 49=MS; 56=MTHREE; 52=2024-08-05-09:44:43; 108=30; 10=0015;
8=FIX4.4; 35=0; 34=20; 49=MTHREE; 56=MS; 52=2024-08-05-09:44:49; 108=30; 10=0015;
8=FIX4.4; 35=0; 34=20; 49=MS; 56=MTHREE; 52=2024-08-05-09:44:49; 108=30; 10=0015;
8=FIX4.4; 35=0; 34=21; 49=MTHREE; 56=MS; 52=2024-08-05-09:44:51; 108=30; 10=0015;
8=FIX4.4; 35=0; 34=21; 49=MS; 56=MTHREE; 52=2024-08-05-09:44:51; 108=30; 10=0015;
8=FIX4.4; 35=0; 34=22; 49=MTHREE; 56=MS; 52=2024-08-05-09:44:53; 108=30; 10=0015;
8=FIX4.4; 35=0; 34=22; 49=MS; 56=MTHREE; 52=2024-08-05-09:44:53; 108=30; 10=0015;
8=FIX4.4; 35=0; 34=23; 49=MTHREE; 56=MS; 52=2024-08-05-09:44:55; 108=30; 10=0015;
8=FIX4.4; 35=0; 34=23; 49=MS; 56=MTHREE; 52=2024-08-05-09:44:55; 108=30; 10=0015;
8=FIX4.4; 35=0; 34=24; 49=MTHREE; 56=MS; 52=2024-08-05-09:44:57; 108=30; 10=0015;
8=FIX4.4; 35=0; 34=24; 49=MS; 56=MTHREE; 52=2024-08-05-09:44:57; 108=30; 10=0015;
8=FIX4.4; 35=0; 34=25; 49=MTHREE; 56=MS; 52=2024-08-05-09:45:00; 108=30; 10=0015;
8=FIX4.4; 35=0; 34=25; 49=MS; 56=MTHREE; 52=2024-08-05-09:45:00; 108=30; 10=0015;
8=FIX4.4; 35=0; 34=26; 49=MTHREE; 56=MS; 52=2024-08-05-09:45:04; 108=30; 10=0015;
8=FIX4.4; 35=0; 34=26; 49=MS; 56=MTHREE; 52=2024-08-05-09:45:04; 108=30; 10=0015;
8=FIX4.4; 35=0; 34=27; 49=MTHREE; 56=MS; 52=2024-08-05-09:45:10; 108=30; 10=0015;
8=FIX4.4; 35=0; 34=27; 49=MS; 56=MTHREE; 52=2024-08-05-09:45:10; 108=30; 10=0015;
8=FIX4.4; 35=0; 34=28; 49=MTHREE; 56=MS; 52=2024-08-05-09:45:17; 108=30; 10=0015;
8=FIX4.4; 35=0; 34=28; 49=MS; 56=MTHREE; 52=2024-08-05-09:45:17; 108=30; 10=0015;
8=FIX4.4; 35=0; 34=29; 49=MTHREE; 56=MS; 52=2024-08-05-09:45:19; 108=30; 10=0015;
8=FIX4.4; 35=0; 34=29; 49=MS; 56=MTHREE; 52=2024-08-05-09:45:19; 108=30; 10=0015;
8=FIX4.4; 35=0; 34=30; 49=MTHREE; 56=MS; 52=2024-08-05-09:45:21; 108=30; 10=0015;
8=FIX4.4; 35=0; 34=30; 49=MS; 56=MTHREE; 52=2024-08-05-09:45:21; 108=30; 10=0015;
8=FIX4.4; 35=0; 34=31; 49=MTHREE; 56=MS; 52=2024-08-05-09:45:23; 108=30; 10=0015;
8=FIX4.4; 35=0; 34=31; 49=MS; 56=MTHREE; 52=2024-08-05-09:45:23; 108=30; 10=0015;
8=FIX4.4; 35=0; 34=32; 49=MTHREE; 56=MS; 52=2024-08-05-09:45:26; 108=30; 10=0015;
8=FIX4.4; 35=0; 34=32; 49=MS; 56=MTHREE; 52=2024-08-05-09:45:26; 108=30; 10=0015;
8=FIX4.4; 35=0; 34=33; 49=MTHREE; 56=MS; 52=2024-08-05-09:45:28; 108=30; 10=0015;
8=FIX4.4; 35=0; 34=33; 49=MS; 56=MTHREE; 52=2024-08-05-09:45:28; 108=30; 10=0015;
8=FIX4.4; 35=0; 34=34; 49=MTHREE; 56=MS; 52=2024-08-05-09:45:32; 108=30; 10=0015;
8=FIX4.4; 35=0; 34=34; 49=MS; 56=MTHREE; 52=2024-08-05-09:45:32; 108=30; 10=0015;
8=FIX4.4; 35=0; 34=35; 49=MTHREE; 56=MS; 52=2024-08-05-09:45:34; 108=30; 10=0015;
8=FIX4.4; 35=0; 34=35; 49=MS; 56=MTHREE; 52=2024-08-05-09:45:34; 108=30; 10=0015;
8=FIX4.4; 35=0; 34=36; 49=MTHREE; 56=MS; 52=2024-08-05-09:45:36; 108=30; 10=0015;
8=FIX4.4; 35=0; 34=36; 49=MS; 56=MTHREE; 52=2024-08-05-09:45:36; 108=30; 10=0015;
8=FIX4.4; 35=0; 34=37; 49=MTHREE; 56=MS; 52=2024-08-05-09:45:39; 108=30; 10=0015;
8=FIX4.4; 35=0; 34=37; 49=MS; 56=MTHREE; 52=2024-08-05-09:45:39; 108=30; 10=0015;
8=FIX4.4; 35=0; 34=38; 49=MTHREE; 56=MS; 52=2024-08-05-09:45:41; 108=30; 10=0015;
8=FIX4.4; 35=0; 34=38; 49=MS; 56=MTHREE; 52=2024-08-05-09:45:41; 108=30; 10=0015;
8=FIX4.4; 35=0; 34=39; 49=MTHREE; 56=MS; 52=2024-08-05-09:45:43; 108=30; 10=0015;
8=FIX4.4; 35=0; 34=39; 49=MS; 56=MTHREE; 52=2024-08-05-09:45:43; 108=30; 10=0015;
8=FIX4.4; 35=0; 34=40; 49=MTHREE; 56=MS; 52=2024-08-05-09:45:45; 108=30; 10=0015;
8=FIX4.4; 35=0; 34=40; 49=MS; 56=MTHREE; 52=2024-08-05-09:45:45; 108=30; 10=0015;
8=FIX4.4; 35=0; 34=41; 49=MTHREE; 56=MS; 52=2024-08-05-09:45:47; 108=30; 10=0015;
8=FIX4.4; 35=0; 34=41; 49=MS; 56=MTHREE; 52=2024-08-05-09:45:47; 108=30; 10=0015;
8=FIX4.4; 35=0; 34=42; 49=MTHREE; 56=MS; 52=2024-08-05-09:45:51; 108=30; 10=0015;
8=FIX4.4; 35=0; 34=42; 49=MS; 56=MTHREE; 52=2024-08-05-09:45:51; 108=30; 10=0015;
8=FIX4.4; 35=0; 34=43; 49=MTHREE; 56=MS; 52=2024-08-05-09:45:54; 108=30; 10=0015;
8=FIX4.4; 35=0; 34=43; 49=MS; 56=MTHREE; 52=2024-08-05-09:45:54; 108=30; 10=0015;
8=FIX4.4; 35=0; 34=44; 49=MTHREE; 56=MS; 52=2024-08-05-09:45:59; 108=30; 10=0015;
8=FIX4.4; 35=0; 34=44; 49=MS; 56=MTHREE; 52=2024-08-05-09:45:59; 108=30; 10=0015;
8=FIX4.4; 35=0; 34=45; 49=MTHREE; 56=MS; 52=2024-08-05-09:46:01; 108=30; 10=0015;
8=FIX4.4; 35=0; 34=45; 49=MS; 56=MTHREE; 52=2024-08-05-09:46:01; 108=30; 10=0015;
8=FIX4.4; 35=0; 34=46; 49=MTHREE; 56=MS; 52=2024-08-05-09:46:03; 108=30; 10=0015;
8=FIX4.4; 35=0; 34=46; 49=MS; 56=MTHREE; 52=2024-08-05-09:46:03; 108=30; 10=0015;
8=FIX4.4; 35=0; 34=47; 49=MTHREE; 56=MS; 52=2024-08-05-09:46:06; 108=30; 10=0015;
8=FIX4.4; 35=0; 34=47; 49=MS; 56=MTHREE; 52=2024-08-05-09:46:06; 108=30; 10=0015;
8=FIX4.4; 35=0; 34=48; 49=MTHREE; 56=MS; 52=2024-08-05-09:46:08; 108=30; 10=0015;
8=FIX4.4; 35=0; 34=48; 49=MS; 56=MTHREE; 52=2024-08-05-09:46:08; 108=30; 10=0015;
8=FIX4.4; 35=0; 34=49; 49=MTHREE; 56=MS; 52=2024-08-05-09:46:10; 108=30; 10=0015;
8=FIX4.4; 35=0; 34=49; 49=MS; 56=MTHREE; 52=2024-08-05-09:46:10; 108=30; 10=0015;
8=FIX4.4; 35=0; 34=50; 49=MTHREE; 56=MS; 52=2024-08-05-09:46:12; 108=30; 10=0015;
8=FIX4.4; 35=0; 34=50; 49=MS; 56=MTHREE; 52=2024-08-05-09:46:12; 108=30; 10=0015;
8=FIX4.4; 35=0; 34=51; 49=MTHREE; 56=MS; 52=2024-08-05-09:46:14; 108=30; 10=0015;
8=FIX4.4; 35=0; 34=51; 49=MS; 56=MTHREE; 52=2024-08-05-09:46:14; 108=30; 10=0015;
8=FIX4.4; 35=D; 34=52; 49=MTHREE; 56=MS; 52=2024-08-05-09:46:16; 55=AAPL; 40=2; 38=24493; 21=2; 11=algo20240805094616; 60=2024-08-05-09:46:16; 54=1; 44=1276.37; 10=0252;
8=FIX4.4; 35=8; 34=52; 49=MS; 56=MTHREE; 52=2024-08-05-09:46:16; 55=AAPL; 40=2; 11=algo20240805094616; 31=1276.37; 150=0; 39=0; 54=1; 44=1276.37; 32=0; 17=exec20240805094616; 38=24493; 60=2024-08-05-09:46:16; 6=0; 14=0; 37=algo20240805094616; 10=200;
8=FIX4.4; 35=8; 34=53; 49=MS; 56=MTHREE; 52=2024-08-05-09:46:16; 55=AAPL; 40=2; 11=algo20240805094616; 31=1276.37; 150=1; 39=1; 54=1; 44=1276.37; 32=8164; 17=exec20240805094616; 38=24493; 60=2024-08-05-09:46:16; 6=1276.37; 14=8164; 37=algo20240805094616; 10=240;
8=FIX4.4; 35=F; 34=52; 49=MTHREE; 56=MS; 52=2024-08-05-09:46:17; 41=algo20240805094616; 55=AAPL; 38=24493; 11=C_algo20240805094616; 60=2024-08-05-09:46:17; 10=060;
8=FIX4.4; 35=8; 34=53; 49=MS; 56=MTHREE; 52=2024-08-05-09:46:17; 55=AAPL; 11=C_algo20240805094616; 31=0; 150=6; 39=6; 54=1; 44=1276.37; 17=exec20240805094617; 32=0; 41=algo20240805094616; 38=24493; 60=2024-08-05-09:46:17; 6=0.0; 14=8164; 37=algo20240805094616; 10=252;
8=FIX4.4; 35=8; 34=54; 49=MS; 56=MTHREE; 52=2024-08-05-09:46:17; 151=8165; 55=AAPL; 11=C_algo20240805094616; 31=0; 150=4; 39=4; 54=1; 17=exec20240805094617; 32=0; 41=algo20240805094616; 38=24493; 60=2024-08-05-09:46:17; 6=0.0; 14=8164; 37=algo20240805094616; 10=252;
8=FIX4.4; 35=D; 34=54; 49=MTHREE; 56=MS; 52=2024-08-05-09:46:19; 55=MSFT; 40=2; 38=10760; 21=2; 11=algo20240805094619; 60=2024-08-05-09:46:19; 54=2; 44=59.89; 10=0252;
8=FIX4.4; 35=8; 34=56; 49=MS; 56=MTHREE; 52=2024-08-05-09:46:19; 55=MSFT; 40=2; 11=algo20240805094619; 31=59.89; 150=0; 39=0; 54=2; 44=59.89; 32=0; 17=exec20240805094619; 38=10760; 60=2024-08-05-09:46:19; 6=0; 14=0; 37=algo20240805094619; 10=200;
8=FIX4.4; 35=F; 34=54; 49=MTHREE; 56=MS; 52=2024-08-05-09:46:19; 41=algo20240805094619; 55=MSFT; 38=10760; 11=C_algo20240805094619; 60=2024-08-05-09:46:19; 10=060;
8=FIX4.4; 35=8; 34=56; 49=MS; 56=MTHREE; 52=2024-08-05-09:46:19; 55=MSFT; 11=C_algo20240805094619; 31=0; 150=6; 39=6; 54=2; 44=59.89; 17=exec20240805094619; 32=0; 41=algo20240805094619; 38=10760; 60=2024-08-05-09:46:19; 6=0.0; 14=0; 37=algo20240805094619; 10=252;
8=FIX4.4; 35=8; 34=57; 49=MS; 56=MTHREE; 52=2024-08-05-09:46:19; 151=8070; 55=MSFT; 11=C_algo20240805094619; 31=0; 150=4; 39=4; 54=2; 17=exec20240805094619; 32=0; 41=algo20240805094619; 38=10760; 60=2024-08-05-09:46:19; 6=0.0; 14=0; 37=algo20240805094619; 10=252;
8=FIX4.4; 35=D; 34=56; 49=MTHREE; 56=MS; 52=2024-08-05-09:46:21; 55=AMZN; 40=2; 38=30850; 21=2; 11=algo20240805094621; 60=2024-08-05-09:46:21; 54=2; 44=133.47; 10=0252;
8=FIX4.4; 35=8; 34=59; 49=MS; 56=MTHREE; 52=2024-08-05-09:46:21; 55=AMZN; 40=2; 11=algo20240805094621; 31=133.47; 150=0; 39=0; 54=2; 44=133.47; 32=0; 17=exec20240805094621; 38=30850; 60=2024-08-05-09:46:21; 6=0; 14=0; 37=algo20240805094621; 10=200;
8=FIX4.4; 35=8; 34=60; 49=MS; 56=MTHREE; 52=2024-08-05-09:46:22; 55=AMZN; 40=2; 11=algo20240805094621; 31=133.47; 150=2; 39=2; 54=2; 44=133.47; 32=30850; 17=exec20240805094622; 38=30850; 60=2024-08-05-09:46:22; 6=133.47; 14=30850; 37=algo20240805094621; 10=246;
8=FIX4.4; 35=D; 34=57; 49=MTHREE; 56=MS; 52=2024-08-05-09:46:22; 55=FB; 40=2; 38=13360; 21=2; 11=algo20240805094622; 60=2024-08-05-09:46:22; 54=2; 44=430.62; 10=0252;
8=FIX4.4; 35=8; 34=61; 49=MS; 56=MTHREE; 52=2024-08-05-09:46:22; 55=FB; 40=2; 11=algo20240805094622; 31=430.62; 150=0; 39=0; 54=2; 44=430.62; 32=0; 17=exec20240805094622; 38=13360; 60=2024-08-05-09:46:22; 6=0; 14=0; 37=algo20240805094622; 10=200;
8=FIX4.4; 35=8; 34=62; 49=MS; 56=MTHREE; 52=2024-08-05-09:46:23; 55=FB; 40=2; 11=algo20240805094622; 31=430.62; 150=2; 39=2; 54=2; 44=430.62; 32=13360; 17=exec20240805094623; 38=13360; 60=2024-08-05-09:46:23; 6=430.62; 14=13360; 37=algo20240805094622; 10=246;
8=FIX4.4; 35=D; 34=58; 49=MTHREE; 56=MS; 52=2024-08-05-09:46:23; 55=GOOG; 40=2; 38=9586; 21=2; 11=algo20240805094623; 60=2024-08-05-09:46:23; 54=2; 44=42.05; 10=0252;
8=FIX4.4; 35=8; 34=63; 49=MS; 56=MTHREE; 52=2024-08-05-09:46:23; 55=GOOG; 40=2; 11=algo20240805094623; 31=42.05; 150=0; 39=0; 54=2; 44=42.05; 32=0; 17=exec20240805094623; 38=9586; 60=2024-08-05-09:46:23; 6=0; 14=0; 37=algo20240805094623; 10=200;
8=FIX4.4; 35=F; 34=58; 49=MTHREE; 56=MS; 52=2024-08-05-09:46:23; 41=algo20240805094623; 55=GOOG; 38=9586; 11=C_algo20240805094623; 60=2024-08-05-09:46:23; 10=060;
8=FIX4.4; 35=8; 34=63; 49=MS; 56=MTHREE; 52=2024-08-05-09:46:23; 55=GOOG; 11=C_algo20240805094623; 31=0; 150=6; 39=6; 54=2; 44=42.05; 17=exec20240805094623; 32=0; 41=algo20240805094623; 38=9586; 60=2024-08-05-09:46:23; 6=0.0; 14=0; 37=algo20240805094623; 10=252;
8=FIX4.4; 35=8; 34=64; 49=MS; 56=MTHREE; 52=2024-08-05-09:46:23; 151=7669; 55=GOOG; 11=C_algo20240805094623; 31=0; 150=4; 39=4; 54=2; 17=exec20240805094623; 32=0; 41=algo20240805094623; 38=9586; 60=2024-08-05-09:46:23; 6=0.0; 14=0; 37=algo20240805094623; 10=252;
8=FIX4.4; 35=D; 34=60; 49=MTHREE; 56=MS; 52=2024-08-05-09:46:25; 55=GOOGL; 40=2; 38=9774; 21=2; 11=algo20240805094625; 60=2024-08-05-09:46:25; 54=1; 44=289.20; 10=0252;
8=FIX4.4; 35=8; 34=66; 49=MS; 56=MTHREE; 52=2024-08-05-09:46:25; 55=GOOGL; 40=2; 11=algo20240805094625; 31=289.20; 150=0; 39=0; 54=1; 44=289.20; 32=0; 17=exec20240805094625; 38=9774; 60=2024-08-05-09:46:25; 6=0; 14=0; 37=algo20240805094625; 10=200;
8=FIX4.4; 35=F; 34=60; 49=MTHREE; 56=MS; 52=2024-08-05-09:46:25; 41=algo20240805094625; 55=GOOGL; 38=9774; 11=C_algo20240805094625; 60=2024-08-05-09:46:25; 10=060;
8=FIX4.4; 35=8; 34=66; 49=MS; 56=MTHREE; 52=2024-08-05-09:46:25; 55=GOOGL; 11=C_algo20240805094625; 31=0; 150=6; 39=6; 54=1; 44=289.20; 17=exec20240805094625; 32=0; 41=algo20240805094625; 38=9774; 60=2024-08-05-09:46:25; 6=0.0; 14=0; 37=algo20240805094625; 10=252;
8=FIX4.4; 35=8; 34=67; 49=MS; 56=MTHREE; 52=2024-08-05-09:46:25; 151=6516; 55=GOOGL; 11=C_algo20240805094625; 31=0; 150=4; 39=4; 54=1; 17=exec20240805094625; 32=0; 41=algo20240805094625; 38=9774; 60=2024-08-05-09:46:25; 6=0.0; 14=0; 37=algo20240805094625; 10=252;
8=FIX4.4; 35=D; 34=62; 49=MTHREE; 56=MS; 52=2024-08-05-09:46:27; 55=INTC; 40=2; 38=11511; 21=2; 11=algo20240805094627; 60=2024-08-05-09:46:27; 54=1; 44=339.13; 10=0252;
8=FIX4.4; 35=8; 34=69; 49=MS; 56=MTHREE; 52=2024-08-05-09:46:27; 55=INTC; 40=2; 11=algo20240805094627; 31=339.13; 150=0; 39=0; 54=1; 44=339.13; 32=0; 17=exec20240805094627; 38=11511; 60=2024-08-05-09:46:27; 6=0; 14=0; 37=algo20240805094627; 10=200;
8=FIX4.4; 35=8; 34=70; 49=MS; 56=MTHREE; 52=2024-08-05-09:46:27; 55=INTC; 40=2; 11=algo20240805094627; 31=339.13; 150=1; 39=1; 54=1; 44=339.13; 32=3837; 17=exec20240805094627; 38=11511; 60=2024-08-05-09:46:27; 6=339.13; 14=3837; 37=algo20240805094627; 10=240;
8=FIX4.4; 35=F; 34=62; 49=MTHREE; 56=MS; 52=2024-08-05-09:46:28; 41=algo20240805094627; 55=INTC; 38=11511; 11=C_algo20240805094627; 60=2024-08-05-09:46:28; 10=060;
8=FIX4.4; 35=8; 34=70; 49=MS; 56=MTHREE; 52=2024-08-05-09:46:28; 55=INTC; 11=C_algo20240805094627; 31=0; 150=6; 39=6; 54=1; 44=339.13; 17=exec20240805094628; 32=0; 41=algo20240805094627; 38=11511; 60=2024-08-05-09:46:28; 6=0.0; 14=3837; 37=algo20240805094627; 10=252;
8=FIX4.4; 35=8; 34=71; 49=MS; 56=MTHREE; 52=2024-08-05-09:46:28; 151=3837; 55=INTC; 11=C_algo20240805094627; 31=0; 150=4; 39=4; 54=1; 17=exec20240805094628; 32=0; 41=algo20240805094627; 38=11511; 60=2024-08-05-09:46:28; 6=0.0; 14=3837; 37=algo20240805094627; 10=252;
8=FIX4.4; 35=D; 34=64; 49=MTHREE; 56=MS; 52=2024-08-05-09:46:30; 55=PEP; 40=2; 38=20426; 21=2; 11=algo20240805094630; 60=2024-08-05-09:46:30; 54=1; 44=36.21; 10=0252;
8=FIX4.4; 35=8; 34=73; 49=MS; 56=MTHREE; 52=2024-08-05-09:46:30; 55=PEP; 40=2; 11=algo20240805094630; 31=36.21; 150=0; 39=0; 54=1; 44=36.21; 32=0; 17=exec20240805094630; 38=20426; 60=2024-08-05-09:46:30; 6=0; 14=0; 37=algo20240805094630; 10=200;
8=FIX4.4; 35=F; 34=64; 49=MTHREE; 56=MS; 52=2024-08-05-09:46:30; 41=algo20240805094630; 55=PEP; 38=20426; 11=C_algo20240805094630; 60=2024-08-05-09:46:30; 10=060;
8=FIX4.4; 35=8; 34=73; 49=MS; 56=MTHREE; 52=2024-08-05-09:46:30; 55=PEP; 11=C_algo20240805094630; 31=0; 150=6; 39=6; 54=1; 44=36.21; 17=exec20240805094630; 32=0; 41=algo20240805094630; 38=20426; 60=2024-08-05-09:46:30; 6=0.0; 14=0; 37=algo20240805094630; 10=252;
8=FIX4.4; 35=8; 34=74; 49=MS; 56=MTHREE; 52=2024-08-05-09:46:30; 151=16341; 55=PEP; 11=C_algo20240805094630; 31=0; 150=4; 39=4; 54=1; 17=exec20240805094630; 32=0; 41=algo20240805094630; 38=20426; 60=2024-08-05-09:46:30; 6=0.0; 14=0; 37=algo20240805094630; 10=252;
8=FIX4.4; 35=D; 34=66; 49=MTHREE; 56=MS; 52=2024-08-05-09:46:33; 55=NFLX; 40=2; 38=12285; 21=2; 11=algo20240805094633; 60=2024-08-05-09:46:33; 54=1; 44=306.71; 10=0252;
8=FIX4.4; 35=8; 34=76; 49=MS; 56=MTHREE; 52=2024-08-05-09:46:33; 55=NFLX; 40=2; 11=algo20240805094633; 31=306.71; 150=0; 39=0; 54=1; 44=306.71; 32=0; 17=exec20240805094633; 38=12285; 60=2024-08-05-09:46:33; 6=0; 14=0; 37=algo20240805094633; 10=200;
8=FIX4.4; 35=8; 34=77; 49=MS; 56=MTHREE; 52=2024-08-05-09:46:33; 55=NFLX; 40=2; 11=algo20240805094633; 31=306.71; 150=1; 39=1; 54=1; 44=306.71; 32=4095; 17=exec20240805094633; 38=12285; 60=2024-08-05-09:46:33; 6=306.71; 14=4095; 37=algo20240805094633; 10=240;
8=FIX4.4; 35=8; 34=78; 49=MS; 56=MTHREE; 52=2024-08-05-09:46:35; 55=NFLX; 40=2; 11=algo20240805094633; 31=306.71; 150=1; 39=1; 54=1; 44=306.71; 32=4095; 17=exec20240805094635; 38=12285; 60=2024-08-05-09:46:35; 6=306.71; 14=8190; 37=algo20240805094633; 10=240;
8=FIX4.4; 35=8; 34=79; 49=MS; 56=MTHREE; 52=2024-08-05-09:46:42; 55=NFLX; 40=2; 11=algo20240805094633; 31=306.71; 150=2; 39=2; 54=1; 44=306.71; 32=4095; 17=exec20240805094642; 38=12285; 60=2024-08-05-09:46:42; 6=306.71; 14=12285; 37=algo20240805094633; 10=246;
8=FIX4.4; 35=D; 34=67; 49=MTHREE; 56=MS; 52=2024-08-05-09:46:42; 55=CSCO; 40=2; 38=29377; 21=2; 11=algo20240805094642; 60=2024-08-05-09:46:42; 54=2; 44=233.73; 10=0252;
8=FIX4.4; 35=8; 34=80; 49=MS; 56=MTHREE; 52=2024-08-05-09:46:42; 55=CSCO; 40=2; 11=algo20240805094642; 31=233.73; 150=0; 39=0; 54=2; 44=233.73; 32=0; 17=exec20240805094642; 38=29377; 60=2024-08-05-09:46:42; 6=0; 14=0; 37=algo20240805094642; 10=200;
8=FIX4.4; 35=F; 34=67; 49=MTHREE; 56=MS; 52=2024-08-05-09:46:42; 41=algo20240805094642; 55=CSCO; 38=29377; 11=C_algo20240805094642; 60=2024-08-05-09:46:42; 10=060;
8=FIX4.4; 35=8; 34=80; 49=MS; 56=MTHREE; 52=2024-08-05-09:46:42; 55=CSCO; 11=C_algo20240805094642; 31=0; 150=6; 39=6; 54=2; 44=233.73; 17=exec20240805094642; 32=0; 41=algo20240805094642; 38=29377; 60=2024-08-05-09:46:42; 6=0.0; 14=0; 37=algo20240805094642; 10=252;
8=FIX4.4; 35=8; 34=81; 49=MS; 56=MTHREE; 52=2024-08-05-09:46:42; 151=19585; 55=CSCO; 11=C_algo20240805094642; 31=0; 150=4; 39=4; 54=2; 17=exec20240805094642; 32=0; 41=algo20240805094642; 38=29377; 60=2024-08-05-09:46:42; 6=0.0; 14=0; 37=algo20240805094642; 10=252;
8=FIX4.4; 35=D; 34=69; 49=MTHREE; 56=MS; 52=2024-08-05-09:46:48; 55=AMGN; 40=2; 38=24332; 21=2; 11=algo20240805094648; 60=2024-08-05-09:46:48; 54=1; 44=116.62; 10=0252;
8=FIX4.4; 35=8; 34=83; 49=MS; 56=MTHREE; 52=2024-08-05-09:46:48; 55=AMGN; 40=2; 11=algo20240805094648; 31=116.62; 150=0; 39=0; 54=1; 44=116.62; 32=0; 17=exec20240805094648; 38=24332; 60=2024-08-05-09:46:48; 6=0; 14=0; 37=algo20240805094648; 10=200;
8=FIX4.4; 35=F; 34=69; 49=MTHREE; 56=MS; 52=2024-08-05-09:46:48; 41=algo20240805094648; 55=AMGN; 38=24332; 11=C_algo20240805094648; 60=2024-08-05-09:46:48; 10=060;
8=FIX4.4; 35=8; 34=83; 49=MS; 56=MTHREE; 52=2024-08-05-09:46:48; 55=AMGN; 11=C_algo20240805094648; 31=0; 150=6; 39=6; 54=1; 44=116.62; 17=exec20240805094648; 32=0; 41=algo20240805094648; 38=24332; 60=2024-08-05-09:46:48; 6=0.0; 14=0; 37=algo20240805094648; 10=252;
8=FIX4.4; 35=8; 34=84; 49=MS; 56=MTHREE; 52=2024-08-05-09:46:48; 151=12166; 55=AMGN; 11=C_algo20240805094648; 31=0; 150=4; 39=4; 54=1; 17=exec20240805094648; 32=0; 41=algo20240805094648; 38=24332; 60=2024-08-05-09:46:48; 6=0.0; 14=0; 37=algo20240805094648; 10=252;
8=FIX4.4; 35=D; 34=71; 49=MTHREE; 56=MS; 52=2024-08-05-09:46:50; 55=PYPL; 40=2; 38=3347; 21=2; 11=algo20240805094650; 60=2024-08-05-09:46:50; 54=1; 44=723.61; 10=0252;
8=FIX4.4; 35=8; 34=86; 49=MS; 56=MTHREE; 52=2024-08-05-09:46:50; 55=PYPL; 40=2; 11=algo20240805094650; 31=723.61; 150=0; 39=0; 54=1; 44=723.61; 32=0; 17=exec20240805094650; 38=3347; 60=2024-08-05-09:46:50; 6=0; 14=0; 37=algo20240805094650; 10=200;
8=FIX4.4; 35=8; 34=87; 49=MS; 56=MTHREE; 52=2024-08-05-09:46:50; 55=PYPL; 40=2; 11=algo20240805094650; 31=723.61; 150=1; 39=1; 54=1; 44=723.61; 32=1115; 17=exec20240805094650; 38=3347; 60=2024-08-05-09:46:50; 6=723.61; 14=1115; 37=algo20240805094650; 10=240;
8=FIX4.4; 35=F; 34=71; 49=MTHREE; 56=MS; 52=2024-08-05-09:46:51; 41=algo20240805094650; 55=PYPL; 38=3347; 11=C_algo20240805094650; 60=2024-08-05-09:46:51; 10=060;
8=FIX4.4; 35=8; 34=87; 49=MS; 56=MTHREE; 52=2024-08-05-09:46:51; 55=PYPL; 11=C_algo20240805094650; 31=0; 150=6; 39=6; 54=1; 44=723.61; 17=exec20240805094651; 32=0; 41=algo20240805094650; 38=3347; 60=2024-08-05-09:46:51; 6=0.0; 14=1115; 37=algo20240805094650; 10=252;
8=FIX4.4; 35=8; 34=88; 49=MS; 56=MTHREE; 52=2024-08-05-09:46:51; 151=1117; 55=PYPL; 11=C_algo20240805094650; 31=0; 150=4; 39=4; 54=1; 17=exec20240805094651; 32=0; 41=algo20240805094650; 38=3347; 60=2024-08-05-09:46:51; 6=0.0; 14=1115; 37=algo20240805094650; 10=252;
8=FIX4.4; 35=D; 34=73; 49=MTHREE; 56=MS; 52=2024-08-05-09:46:53; 55=TSLA; 40=2; 38=27723; 21=2; 11=algo20240805094653; 60=2024-08-05-09:46:53; 54=2; 44=503.77; 10=0252;
8=FIX4.4; 35=8; 34=90; 49=MS; 56=MTHREE; 52=2024-08-05-09:46:53; 55=TSLA; 40=2; 11=algo20240805094653; 31=503.77; 150=0; 39=0; 54=2; 44=503.77; 32=0; 17=exec20240805094653; 38=27723; 60=2024-08-05-09:46:53; 6=0; 14=0; 37=algo20240805094653; 10=200;
8=FIX4.4; 35=F; 34=73; 49=MTHREE; 56=MS; 52=2024-08-05-09:46:53; 41=algo20240805094653; 55=TSLA; 38=27723; 11=C_algo20240805094653; 60=2024-08-05-09:46:53; 10=060;
8=FIX4.4; 35=8; 34=90; 49=MS; 56=MTHREE; 52=2024-08-05-09:46:53; 55=TSLA; 11=C_algo20240805094653; 31=0; 150=6; 39=6; 54=2; 44=503.77; 17=exec20240805094653; 32=0; 41=algo20240805094653; 38=27723; 60=2024-08-05-09:46:53; 6=0.0; 14=0; 37=algo20240805094653; 10=252;
8=FIX4.4; 35=8; 34=91; 49=MS; 56=MTHREE; 52=2024-08-05-09:46:53; 151=22179; 55=TSLA; 11=C_algo20240805094653; 31=0; 150=4; 39=4; 54=2; 17=exec20240805094653; 32=0; 41=algo20240805094653; 38=27723; 60=2024-08-05-09:46:53; 6=0.0; 14=0; 37=algo20240805094653; 10=252;
8=FIX4.4; 35=D; 34=75; 49=MTHREE; 56=MS; 52=2024-08-05-09:46:55; 55=TXN; 40=2; 38=6832; 21=2; 11=algo20240805094655; 60=2024-08-05-09:46:55; 54=2; 44=112.46; 10=0252;
8=FIX4.4; 35=8; 34=93; 49=MS; 56=MTHREE; 52=2024-08-05-09:46:55; 55=TXN; 40=2; 11=algo20240805094655; 31=112.46; 150=0; 39=0; 54=2; 44=112.46; 32=0; 17=exec20240805094655; 38=6832; 60=2024-08-05-09:46:55; 6=0; 14=0; 37=algo20240805094655; 10=200;
8=FIX4.4; 35=F; 34=75; 49=MTHREE; 56=MS; 52=2024-08-05-09:46:55; 41=algo20240805094655; 55=TXN; 38=6832; 11=C_algo20240805094655; 60=2024-08-05-09:46:55; 10=060;
8=FIX4.4; 35=8; 34=93; 49=MS; 56=MTHREE; 52=2024-08-05-09:46:55; 55=TXN; 11=C_algo20240805094655; 31=0; 150=6; 39=6; 54=2; 44=112.46; 17=exec20240805094655; 32=0; 41=algo20240805094655; 38=6832; 60=2024-08-05-09:46:55; 6=0.0; 14=0; 37=algo20240805094655; 10=252;
8=FIX4.4; 35=8; 34=94; 49=MS; 56=MTHREE; 52=2024-08-05-09:46:55; 151=3416; 55=TXN; 11=C_algo20240805094655; 31=0; 150=4; 39=4; 54=2; 17=exec20240805094655; 32=0; 41=algo20240805094655; 38=6832; 60=2024-08-05-09:46:55; 6=0.0; 14=0; 37=algo20240805094655; 10=252;
8=FIX4.4; 35=D; 34=77; 49=MTHREE; 56=MS; 52=2024-08-05-09:46:59; 55=AVGO; 40=2; 38=25927; 21=2; 11=algo20240805094659; 60=2024-08-05-09:46:59; 54=2; 44=262.99; 10=0252;
8=FIX4.4; 35=8; 34=96; 49=MS; 56=MTHREE; 52=2024-08-05-09:46:59; 55=AVGO; 40=2; 11=algo20240805094659; 31=262.99; 150=0; 39=0; 54=2; 44=262.99; 32=0; 17=exec20240805094659; 38=25927; 60=2024-08-05-09:46:59; 6=0; 14=0; 37=algo20240805094659; 10=200;
8=FIX4.4; 35=F; 34=77; 49=MTHREE; 56=MS; 52=2024-08-05-09:46:59; 41=algo20240805094659; 55=AVGO; 38=25927; 11=C_algo20240805094659; 60=2024-08-05-09:46:59; 10=060;
8=FIX4.4; 35=8; 34=96; 49=MS; 56=MTHREE; 52=2024-08-05-09:46:59; 55=AVGO; 11=C_algo20240805094659; 31=0; 150=6; 39=6; 54=2; 44=262.99; 17=exec20240805094659; 32=0; 41=algo20240805094659; 38=25927; 60=2024-08-05-09:46:59; 6=0.0; 14=0; 37=algo20240805094659; 10=252;
8=FIX4.4; 35=8; 34=97; 49=MS; 56=MTHREE; 52=2024-08-05-09:46:59; 151=12964; 55=AVGO; 11=C_algo20240805094659; 31=0; 150=4; 39=4; 54=2; 17=exec20240805094659; 32=0; 41=algo20240805094659; 38=25927; 60=2024-08-05-09:46:59; 6=0.0; 14=0; 37=algo20240805094659; 10=252;
8=FIX4.4; 35=D; 34=79; 49=MTHREE; 56=MS; 52=2024-08-05-09:47:01; 55=GILD; 40=2; 38=22054; 21=2; 11=algo20240805094701; 60=2024-08-05-09:47:01; 54=1; 44=82.91; 10=0252;
8=FIX4.4; 35=8; 34=99; 49=MS; 56=MTHREE; 52=2024-08-05-09:47:01; 55=GILD; 40=2; 11=algo20240805094701; 31=82.91; 150=0; 39=0; 54=1; 44=82.91; 32=0; 17=exec20240805094701; 38=22054; 60=2024-08-05-09:47:01; 6=0; 14=0; 37=algo20240805094701; 10=200;
8=FIX4.4; 35=F; 34=79; 49=MTHREE; 56=MS; 52=2024-08-05-09:47:01; 41=algo20240805094701; 55=GILD; 38=22054; 11=C_algo20240805094701; 60=2024-08-05-09:47:01; 10=060;
8=FIX4.4; 35=8; 34=99; 49=MS; 56=MTHREE; 52=2024-08-05-09:47:01; 55=GILD; 11=C_algo20240805094701; 31=0; 150=6; 39=6; 54=1; 44=82.91; 17=exec20240805094701; 32=0; 41=algo20240805094701; 38=22054; 60=2024-08-05-09:47:01; 6=0.0; 14=0; 37=algo20240805094701; 10=252;
8=FIX4.4; 35=8; 34=100; 49=MS; 56=MTHREE; 52=2024-08-05-09:47:01; 151=17644; 55=GILD; 11=C_algo20240805094701; 31=0; 150=4; 39=4; 54=1; 17=exec20240805094701; 32=0; 41=algo20240805094701; 38=22054; 60=2024-08-05-09:47:01; 6=0.0; 14=0; 37=algo20240805094701; 10=252;
8=FIX4.4; 35=D; 34=81; 49=MTHREE; 56=MS; 52=2024-08-05-09:47:03; 55=SBUX; 40=2; 38=12191; 21=2; 11=algo20240805094703; 60=2024-08-05-09:47:03; 54=2; 44=75.71; 10=0252;
8=FIX4.4; 35=8; 34=102; 49=MS; 56=MTHREE; 52=2024-08-05-09:47:03; 55=SBUX; 40=2; 11=algo20240805094703; 31=75.71; 150=0; 39=0; 54=2; 44=75.71; 32=0; 17=exec20240805094703; 38=12191; 60=2024-08-05-09:47:03; 6=0; 14=0; 37=algo20240805094703; 10=200;
8=FIX4.4; 35=8; 34=103; 49=MS; 56=MTHREE; 52=2024-08-05-09:47:04; 55=SBUX; 40=2; 11=algo20240805094703; 31=75.71; 150=2; 39=2; 54=2; 44=75.71; 32=12191; 17=exec20240805094704; 38=12191; 60=2024-08-05-09:47:04; 6=75.71; 14=12191; 37=algo20240805094703; 10=246;
8=FIX4.4; 35=D; 34=82; 49=MTHREE; 56=MS; 52=2024-08-05-09:47:04; 55=QCOM; 40=2; 38=5352; 21=2; 11=algo20240805094704; 60=2024-08-05-09:47:04; 54=1; 44=75.47; 10=0252;
8=FIX4.4; 35=8; 34=104; 49=MS; 56=MTHREE; 52=2024-08-05-09:47:04; 55=QCOM; 40=2; 11=algo20240805094704; 31=75.47; 150=0; 39=0; 54=1; 44=75.47; 32=0; 17=exec20240805094704; 38=5352; 60=2024-08-05-09:47:04; 6=0; 14=0; 37=algo20240805094704; 10=200;
8=FIX4.4; 35=8; 34=105; 49=MS; 56=MTHREE; 52=2024-08-05-09:47:05; 55=QCOM; 40=2; 11=algo20240805094704; 31=75.47; 150=2; 39=2; 54=1; 44=75.47; 32=5352; 17=exec20240805094705; 38=5352; 60=2024-08-05-09:47:05; 6=75.47; 14=5352; 37=algo20240805094704; 10=246;
8=FIX4.4; 35=D; 34=83; 49=MTHREE; 56=MS; 52=2024-08-05-09:47:05; 55=TMUS; 40=2; 38=22700; 21=2; 11=algo20240805094705; 60=2024-08-05-09:47:05; 54=2; 44=90.74; 10=0252;
8=FIX4.4; 35=8; 34=106; 49=MS; 56=MTHREE; 52=2024-08-05-09:47:05; 55=TMUS; 40=2; 11=algo20240805094705; 31=90.74; 150=0; 39=0; 54=2; 44=90.74; 32=0; 17=exec20240805094705; 38=22700; 60=2024-08-05-09:47:05; 6=0; 14=0; 37=algo20240805094705; 10=200;
8=FIX4.4; 35=F; 34=83; 49=MTHREE; 56=MS; 52=2024-08-05-09:47:05; 41=algo20240805094705; 55=TMUS; 38=22700; 11=C_algo20240805094705; 60=2024-08-05-09:47:05; 10=060;
8=FIX4.4; 35=8; 34=106; 49=MS; 56=MTHREE; 52=2024-08-05-09:47:05; 55=TMUS; 11=C_algo20240805094705; 31=0; 150=6; 39=6; 54=2; 44=90.74; 17=exec20240805094705; 32=0; 41=algo20240805094705; 38=22700; 60=2024-08-05-09:47:05; 6=0.0; 14=0; 37=algo20240805094705; 10=252;
8=FIX4.4; 35=8; 34=107; 49=MS; 56=MTHREE; 52=2024-08-05-09:47:05; 151=17025; 55=TMUS; 11=C_algo20240805094705; 31=0; 150=4; 39=4; 54=2; 17=exec20240805094705; 32=0; 41=algo20240805094705; 38=22700; 60=2024-08-05-09:47:05; 6=0.0; 14=0; 37=algo20240805094705; 10=252;
8=FIX4.4; 35=D; 34=85; 49=MTHREE; 56=MS; 52=2024-08-05-09:47:07; 55=MDLZ; 40=2; 38=27226; 21=2; 11=algo20240805094707; 60=2024-08-05-09:47:07; 54=2; 44=52.26; 10=0252;
8=FIX4.4; 35=8; 34=109; 49=MS; 56=MTHREE; 52=2024-08-05-09:47:07; 55=MDLZ; 40=2; 11=algo20240805094707; 31=52.26; 150=0; 39=0; 54=2; 44=52.26; 32=0; 17=exec20240805094707; 38=27226; 60=2024-08-05-09:47:07; 6=0; 14=0; 37=algo20240805094707; 10=200;
8=FIX4.4; 35=F; 34=85; 49=MTHREE; 56=MS; 52=2024-08-05-09:47:07; 41=algo20240805094707; 55=MDLZ; 38=27226; 11=C_algo20240805094707; 60=2024-08-05-09:47:07; 10=060;
8=FIX4.4; 35=8; 34=109; 49=MS; 56=MTHREE; 52=2024-08-05-09:47:07; 55=MDLZ; 11=C_algo20240805094707; 31=0; 150=6; 39=6; 54=2; 44=52.26; 17=exec20240805094707; 32=0; 41=algo20240805094707; 38=27226; 60=2024-08-05-09:47:07; 6=0.0; 14=0; 37=algo20240805094707; 10=252;
8=FIX4.4; 35=8; 34=110; 49=MS; 56=MTHREE; 52=2024-08-05-09:47:07; 151=21781; 55=MDLZ; 11=C_algo20240805094707; 31=0; 150=4; 39=4; 54=2; 17=exec20240805094707; 32=0; 41=algo20240805094707; 38=27226; 60=2024-08-05-09:47:07; 6=0.0; 14=0; 37=algo20240805094707; 10=252;
8=FIX4.4; 35=D; 34=87; 49=MTHREE; 56=MS; 52=2024-08-05-09:47:09; 55=BAC; 40=2; 38=22534; 21=2; 11=algo20240805094709; 60=2024-08-05-09:47:09; 54=2; 44=22.03; 10=0252;
8=FIX4.4; 35=8; 34=112; 49=MS; 56=MTHREE; 52=2024-08-05-09:47:09; 55=BAC; 40=2; 11=algo20240805094709; 31=22.03; 150=0; 39=0; 54=2; 44=22.03; 32=0; 17=exec20240805094709; 38=22534; 60=2024-08-05-09:47:09; 6=0; 14=0; 37=algo20240805094709; 10=200;
8=FIX4.4; 35=F; 34=87; 49=MTHREE; 56=MS; 52=2024-08-05-09:47:09; 41=algo20240805094709; 55=BAC; 38=22534; 11=C_algo20240805094709; 60=2024-08-05-09:47:09; 10=060;
8=FIX4.4; 35=8; 34=112; 49=MS; 56=MTHREE; 52=2024-08-05-09:47:09; 55=BAC; 11=C_algo20240805094709; 31=0; 150=6; 39=6; 54=2; 44=22.03; 17=exec20240805094709; 32=0; 41=algo20240805094709; 38=22534; 60=2024-08-05-09:47:09; 6=0.0; 14=0; 37=algo20240805094709; 10=252;
8=FIX4.4; 35=8; 34=113; 49=MS; 56=MTHREE; 52=2024-08-05-09:47:09; 151=11267; 55=BAC; 11=C_algo20240805094709; 31=0; 150=4; 39=4; 54=2; 17=exec20240805094709; 32=0; 41=algo20240805094709; 38=22534; 60=2024-08-05-09:47:09; 6=0.0; 14=0; 37=algo20240805094709; 10=252;
8=FIX4.4; 35=D; 34=89; 49=MTHREE; 56=MS; 52=2024-08-05-09:47:16; 55=DDD; 40=2; 38=13770; 21=2; 11=algo20240805094716; 60=2024-08-05-09:47:16; 54=1; 44=8.01; 10=0252;
8=FIX4.4; 35=8; 34=115; 49=MS; 56=MTHREE; 52=2024-08-05-09:47:16; 55=DDD; 40=2; 11=algo20240805094716; 31=8.01; 150=0; 39=0; 54=1; 44=8.01; 32=0; 17=exec20240805094716; 38=13770; 60=2024-08-05-09:47:16; 6=0; 14=0; 37=algo20240805094716; 10=200;
8=FIX4.4; 35=8; 34=116; 49=MS; 56=MTHREE; 52=2024-08-05-09:47:16; 55=DDD; 40=2; 11=algo20240805094716; 31=8.01; 150=1; 39=1; 54=1; 44=8.01; 32=4590; 17=exec20240805094716; 38=13770; 60=2024-08-05-09:47:16; 6=8.01; 14=4590; 37=algo20240805094716; 10=240;
8=FIX4.4; 35=8; 34=117; 49=MS; 56=MTHREE; 52=2024-08-05-09:47:17; 55=DDD; 40=2; 11=algo20240805094716; 31=8.01; 150=1; 39=1; 54=1; 44=8.01; 32=4590; 17=exec20240805094717; 38=13770; 60=2024-08-05-09:47:17; 6=8.01; 14=9180; 37=algo20240805094716; 10=240;
8=FIX4.4; 35=8; 34=118; 49=MS; 56=MTHREE; 52=2024-08-05-09:47:19; 55=DDD; 40=2; 11=algo20240805094716; 31=8.01; 150=2; 39=2; 54=1; 44=8.01; 32=4590; 17=exec20240805094719; 38=13770; 60=2024-08-05-09:47:19; 6=8.01; 14=13770; 37=algo20240805094716; 10=246;
8=FIX4.4; 35=D; 34=90; 49=MTHREE; 56=MS; 52=2024-08-05-09:47:19; 55=MMM; 40=2; 38=20465; 21=2; 11=algo20240805094719; 60=2024-08-05-09:47:19; 54=2; 44=146.98; 10=0252;
8=FIX4.4; 35=8; 34=119; 49=MS; 56=MTHREE; 52=2024-08-05-09:47:19; 55=MMM; 40=2; 11=algo20240805094719; 31=146.98; 150=0; 39=0; 54=2; 44=146.98; 32=0; 17=exec20240805094719; 38=20465; 60=2024-08-05-09:47:19; 6=0; 14=0; 37=algo20240805094719; 10=200;
8=FIX4.4; 35=8; 34=120; 49=MS; 56=MTHREE; 52=2024-08-05-09:47:20; 55=MMM; 40=2; 11=algo20240805094719; 31=146.98; 150=2; 39=2; 54=2; 44=146.98; 32=20465; 17=exec20240805094720; 38=20465; 60=2024-08-05-09:47:20; 6=146.98; 14=20465; 37=algo20240805094719; 10=246;
8=FIX4.4; 35=D; 34=91; 49=MTHREE; 56=MS; 52=2024-08-05-09:47:20; 55=WBAI; 40=2; 38=19786; 21=2; 11=algo20240805094720; 60=2024-08-05-09:47:20; 54=2; 44=4.10; 10=0252;
8=FIX4.4; 35=8; 34=121; 49=MS; 56=MTHREE; 52=2024-08-05-09:47:20; 55=WBAI; 40=2; 11=algo20240805094720; 31=4.10; 150=0; 39=0; 54=2; 44=4.10; 32=0; 17=exec20240805094720; 38=19786; 60=2024-08-05-09:47:20; 6=0; 14=0; 37=algo20240805094720; 10=200;
8=FIX4.4; 35=F; 34=91; 49=MTHREE; 56=MS; 52=2024-08-05-09:47:20; 41=algo20240805094720; 55=WBAI; 38=19786; 11=C_algo20240805094720; 60=2024-08-05-09:47:20; 10=060;
8=FIX4.4; 35=8; 34=121; 49=MS; 56=MTHREE; 52=2024-08-05-09:47:21; 55=WBAI; 11=C_algo20240805094720; 31=0; 150=6; 39=6; 54=2; 44=4.10; 17=exec20240805094721; 32=0; 41=algo20240805094720; 38=19786; 60=2024-08-05-09:47:21; 6=0.0; 14=0; 37=algo20240805094720; 10=252;
8=FIX4.4; 35=8; 34=122; 49=MS; 56=MTHREE; 52=2024-08-05-09:47:21; 151=14840; 55=WBAI; 11=C_algo20240805094720; 31=0; 150=4; 39=4; 54=2; 17=exec20240805094721; 32=0; 41=algo20240805094720; 38=19786; 60=2024-08-05-09:47:21; 6=0.0; 14=0; 37=algo20240805094720; 10=252;
8=FIX4.4; 35=D; 34=93; 49=MTHREE; 56=MS; 52=2024-08-05-09:47:23; 55=WUBA; 40=2; 38=12432; 21=2; 11=algo20240805094723; 60=2024-08-05-09:47:23; 54=1; 44=51.41; 10=0252;
8=FIX4.4; 35=8; 34=124; 49=MS; 56=MTHREE; 52=2024-08-05-09:47:23; 55=WUBA; 40=2; 11=algo20240805094723; 31=51.41; 150=0; 39=0; 54=1; 44=51.41; 32=0; 17=exec20240805094723; 38=12432; 60=2024-08-05-09:47:23; 6=0; 14=0; 37=algo20240805094723; 10=200;
8=FIX4.4; 35=8; 34=125; 49=MS; 56=MTHREE; 52=2024-08-05-09:47:23; 55=WUBA; 40=2; 11=algo20240805094723; 31=51.41; 150=1; 39=1; 54=1; 44=51.41; 32=2486; 17=exec20240805094723; 38=12432; 60=2024-08-05-09:47:23; 6=51.41; 14=2486; 37=algo20240805094723; 10=240;
8=FIX4.4; 35=F; 34=93; 49=MTHREE; 56=MS; 52=2024-08-05-09:47:24; 41=algo20240805094723; 55=WUBA; 38=12432; 11=C_algo20240805094723; 60=2024-08-05-09:47:24; 10=060;
8=FIX4.4; 35=8; 34=125; 49=MS; 56=MTHREE; 52=2024-08-05-09:47:24; 55=WUBA; 11=C_algo20240805094723; 31=0; 150=6; 39=6; 54=1; 44=51.41; 17=exec20240805094724; 32=0; 41=algo20240805094723; 38=12432; 60=2024-08-05-09:47:24; 6=0.0; 14=2486; 37=algo20240805094723; 10=252;
8=FIX4.4; 35=8; 34=126; 49=MS; 56=MTHREE; 52=2024-08-05-09:47:24; 151=7460; 55=WUBA; 11=C_algo20240805094723; 31=0; 150=4; 39=4; 54=1; 17=exec20240805094724; 32=0; 41=algo20240805094723; 38=12432; 60=2024-08-05-09:47:24; 6=0.0; 14=2486; 37=algo20240805094723; 10=252;
8=FIX4.4; 35=D; 34=95; 49=MTHREE; 56=MS; 52=2024-08-05-09:47:31; 55=EGHT; 40=2; 38=27229; 21=2; 11=algo20240805094731; 60=2024-08-05-09:47:31; 54=2; 44=17.03; 10=0252;
8=FIX4.4; 35=8; 34=128; 49=MS; 56=MTHREE; 52=2024-08-05-09:47:31; 55=EGHT; 40=2; 11=algo20240805094731; 31=17.03; 150=0; 39=0; 54=2; 44=17.03; 32=0; 17=exec20240805094731; 38=27229; 60=2024-08-05-09:47:31; 6=0; 14=0; 37=algo20240805094731; 10=200;
8=FIX4.4; 35=F; 34=95; 49=MTHREE; 56=MS; 52=2024-08-05-09:47:31; 41=algo20240805094731; 55=EGHT; 38=27229; 11=C_algo20240805094731; 60=2024-08-05-09:47:31; 10=060;
8=FIX4.4; 35=8; 34=128; 49=MS; 56=MTHREE; 52=2024-08-05-09:47:31; 55=EGHT; 11=C_algo20240805094731; 31=0; 150=6; 39=6; 54=2; 44=17.03; 17=exec20240805094731; 32=0; 41=algo20240805094731; 38=27229; 60=2024-08-05-09:47:31; 6=0.0; 14=0; 37=algo20240805094731; 10=252;
8=FIX4.4; 35=8; 34=129; 49=MS; 56=MTHREE; 52=2024-08-05-09:47:31; 151=13615; 55=EGHT; 11=C_algo20240805094731; 31=0; 150=4; 39=4; 54=2; 17=exec20240805094731; 32=0; 41=algo20240805094731; 38=27229; 60=2024-08-05-09:47:31; 6=0.0; 14=0; 37=algo20240805094731; 10=252;
8=FIX4.4; 35=D; 34=97; 49=MTHREE; 56=MS; 52=2024-08-05-09:47:34; 55=AHC; 40=2; 38=12969; 21=2; 11=algo20240805094734; 60=2024-08-05-09:47:34; 54=1; 44=1.40; 10=0252;
8=FIX4.4; 35=8; 34=131; 49=MS; 56=MTHREE; 52=2024-08-05-09:47:34; 55=AHC; 40=2; 11=algo20240805094734; 31=1.40; 150=0; 39=0; 54=1; 44=1.40; 32=0; 17=exec20240805094734; 38=12969; 60=2024-08-05-09:47:34; 6=0; 14=0; 37=algo20240805094734; 10=200;
8=FIX4.4; 35=8; 34=132; 49=MS; 56=MTHREE; 52=2024-08-05-09:47:34; 55=AHC; 40=2; 11=algo20240805094734; 31=1.40; 150=1; 39=1; 54=1; 44=1.40; 32=2593; 17=exec20240805094734; 38=12969; 60=2024-08-05-09:47:34; 6=1.40; 14=2593; 37=algo20240805094734; 10=240;
8=FIX4.4; 35=8; 34=133; 49=MS; 56=MTHREE; 52=2024-08-05-09:47:35; 55=AHC; 40=2; 11=algo20240805094734; 31=1.40; 150=1; 39=1; 54=1; 44=1.40; 32=2593; 17=exec20240805094735; 38=12969; 60=2024-08-05-09:47:35; 6=1.40; 14=5186; 37=algo20240805094734; 10=240;
